d:\opengl assignments\assignment\windows\fix function pipeline\ffp\ffp_project_v1.0\ffp_project_v1.0\x64\debug\vc141.pdb
d:\opengl assignments\assignment\windows\fix function pipeline\ffp\ffp_project_v1.0\ffp_project_v1.0\x64\debug\vc141.idb
d:\opengl assignments\assignment\windows\fix function pipeline\ffp\ffp_project_v1.0\ffp_project_v1.0\x64\debug\vertextowindow.obj
d:\opengl assignments\assignment\windows\fix function pipeline\ffp\ffp_project_v1.0\ffp_project_v1.0\x64\debug\sphereogl.obj
d:\opengl assignments\assignment\windows\fix function pipeline\ffp\ffp_project_v1.0\ffp_project_v1.0\x64\debug\source.obj
d:\opengl assignments\assignment\windows\fix function pipeline\ffp\ffp_project_v1.0\ffp_project_v1.0\x64\debug\globe.obj
d:\opengl assignments\assignment\windows\fix function pipeline\ffp\ffp_project_v1.0\ffp_project_v1.0\x64\debug\fontogl.obj
d:\open gl\rtr2018_chaitanya\windows\ffp\ffp project\ffp_project_v1.0\ffp_project_v1.0\x64\debug\vc141.pdb
d:\open gl\rtr2018_chaitanya\windows\ffp\ffp project\ffp_project_v1.0\ffp_project_v1.0\x64\debug\vc141.idb
d:\open gl\rtr2018_chaitanya\windows\ffp\ffp project\ffp_project_v1.0\ffp_project_v1.0\x64\debug\vertextowindow.obj
d:\open gl\rtr2018_chaitanya\windows\ffp\ffp project\ffp_project_v1.0\ffp_project_v1.0\x64\debug\sphereogl.obj
d:\open gl\rtr2018_chaitanya\windows\ffp\ffp project\ffp_project_v1.0\ffp_project_v1.0\x64\debug\source.obj
d:\open gl\rtr2018_chaitanya\windows\ffp\ffp project\ffp_project_v1.0\ffp_project_v1.0\x64\debug\globe.obj
d:\open gl\rtr2018_chaitanya\windows\ffp\ffp project\ffp_project_v1.0\ffp_project_v1.0\x64\debug\fontogl.obj
d:\opengl assignments\assignment\windows\fix function pipeline\ffp\ffp_project_v1.0\x64\debug\ffp_project_v1.0.ilk
d:\opengl assignments\assignment\windows\fix function pipeline\ffp\ffp_project_v1.0\x64\debug\ffp_project_v1.0.exe
d:\opengl assignments\assignment\windows\fix function pipeline\ffp\ffp_project_v1.0\x64\debug\ffp_project_v1.0.pdb
d:\open gl\rtr2018_chaitanya\windows\ffp\ffp project\ffp_project_v1.0\x64\debug\ffp_project_v1.0.exe
d:\open gl\rtr2018_chaitanya\windows\ffp\ffp project\ffp_project_v1.0\x64\debug\ffp_project_v1.0.ilk
d:\open gl\rtr2018_chaitanya\windows\ffp\ffp project\ffp_project_v1.0\x64\debug\ffp_project_v1.0.pdb
d:\opengl assignments\assignment\windows\fix function pipeline\ffp\ffp_project_v1.0\ffp_project_v1.0\x64\debug\resource.res
d:\open gl\rtr2018_chaitanya\windows\ffp\ffp project\ffp_project_v1.0\ffp_project_v1.0\x64\debug\resource.res
d:\open gl\rtr2018_chaitanya\windows\ffp\ffp project\ffp_project_v1.0\ffp_project_v1.0\x64\debug\ffp_project_v1.0.tlog\cl.command.1.tlog
d:\open gl\rtr2018_chaitanya\windows\ffp\ffp project\ffp_project_v1.0\ffp_project_v1.0\x64\debug\ffp_project_v1.0.tlog\cl.read.1.tlog
d:\open gl\rtr2018_chaitanya\windows\ffp\ffp project\ffp_project_v1.0\ffp_project_v1.0\x64\debug\ffp_project_v1.0.tlog\cl.write.1.tlog
d:\open gl\rtr2018_chaitanya\windows\ffp\ffp project\ffp_project_v1.0\ffp_project_v1.0\x64\debug\ffp_project_v1.0.tlog\link.command.1.tlog
d:\open gl\rtr2018_chaitanya\windows\ffp\ffp project\ffp_project_v1.0\ffp_project_v1.0\x64\debug\ffp_project_v1.0.tlog\link.read.1.tlog
d:\open gl\rtr2018_chaitanya\windows\ffp\ffp project\ffp_project_v1.0\ffp_project_v1.0\x64\debug\ffp_project_v1.0.tlog\link.write.1.tlog
d:\open gl\rtr2018_chaitanya\windows\ffp\ffp project\ffp_project_v1.0\ffp_project_v1.0\x64\debug\ffp_project_v1.0.tlog\rc.command.1.tlog
d:\open gl\rtr2018_chaitanya\windows\ffp\ffp project\ffp_project_v1.0\ffp_project_v1.0\x64\debug\ffp_project_v1.0.tlog\rc.read.1.tlog
d:\open gl\rtr2018_chaitanya\windows\ffp\ffp project\ffp_project_v1.0\ffp_project_v1.0\x64\debug\ffp_project_v1.0.tlog\rc.write.1.tlog
